<?xml version="1.0" encoding="UTF-8"?>
<testsuites name="SampleAPITesting" time="14" tests="3" failures="1" errors="0">
   <testsuite name="SampleAPITesting" tests="3" failures="1" errors="0" time="14" timestamp="2018-12-31 12:03:56" hostname="vikky - Vikkyaradhya" id="Test Suites/SampleAPITesting">
      <properties>
         <property name="deviceName" value=""/>
         <property name="devicePlatform" value=""/>
         <property name="logFolder" value="C:\\Users\\vikky\\Katalon Studio\\API Demo Project\\Reports\\SampleAPITesting\\20181231_120353"/>
         <property name="logFiles" value="C:\\Users\\vikky\\Katalon Studio\\API Demo Project\\Reports\\SampleAPITesting\\20181231_120353\\execution0.log"/>
         <property name="attachments" value=""/>
         <property name="hostName" value="vikky - Vikkyaradhya"/>
         <property name="hostAddress" value="192.168.1.5"/>
         <property name="os" value="Windows 10 64bit"/>
         <property name="katalonVersion" value="5.9.1.2"/>
      </properties>
      <testcase name="Test Cases/UserRestTest/UserData" classname="Test Cases/UserRestTest/UserData" status="PASSED">
         <system-out><![CDATA[2018-12-31 12:03:56 - [TEST_CASE][PASSED] - Test Cases/UserRestTest/UserData: Test Cases/UserRestTest/UserData

2018-12-31 12:03:57 - [TEST_STEP][PASSED] - restresponse = sendRequestAndVerify(findTestObject("UserRestService/ListUsers")): Send request and verify the response successfully

2018-12-31 12:04:01 - [TEST_CASE][PASSED] - Start Test Case : Verification: Verification accomplished successfully

2018-12-31 12:04:01 - [TEST_STEP][PASSED] - request = getInstance().getCurrentRequest(): null

2018-12-31 12:04:01 - [TEST_STEP][PASSED] - response = getInstance().getCurrentResponse(): null

2018-12-31 12:04:01 - [MESSAGE][PASSED] - Verify response successfully

2018-12-31 12:04:01 - [MESSAGE][PASSED] - Send request and verify the response successfully

2018-12-31 12:04:01 - [TEST_STEP][PASSED] - verifyResponseStatusCode(restresponse, 200): Verify response status code successfully

2018-12-31 12:04:01 - [MESSAGE][PASSED] - Verify response status code successfully

2018-12-31 12:04:01 - [TEST_STEP][PASSED] - verifyElementPropertyValue(restresponse, "data[2].first_name", "Tracey"): Verify element property value successfully

2018-12-31 12:04:01 - [MESSAGE][PASSED] - Verify element property value successfully

2018-12-31 12:04:01 - [TEST_STEP][PASSED] - slurper = new groovy.json.JsonSlurper(): null

2018-12-31 12:04:01 - [TEST_STEP][PASSED] - result = slurper.parseText(restresponse.getResponseBodyContent()): null

2018-12-31 12:04:01 - [TEST_STEP][PASSED] - UserName = first_name: null

2018-12-31 12:04:01 - [TEST_STEP][PASSED] - println("Username is:" + UserName): null]]></system-out>
         <system-err><![CDATA[]]></system-err>
      </testcase>
      <testcase name="Test Cases/UserRestTest/UserPostData" classname="Test Cases/UserRestTest/UserPostData" status="PASSED">
         <system-out><![CDATA[2018-12-31 12:04:01 - [TEST_CASE][PASSED] - Test Cases/UserRestTest/UserPostData: Test Cases/UserRestTest/UserPostData

2018-12-31 12:04:02 - [TEST_STEP][PASSED] - postresponse = sendRequest(findTestObject("UserRestService/PostUserData")): Send request successfully

2018-12-31 12:04:04 - [MESSAGE][INFO] - HAR: C:\Users\vikky\Katalon Studio\API Demo Project\Reports\SampleAPITesting\20181231_120353\requests\main\0.har

2018-12-31 12:04:04 - [MESSAGE][PASSED] - Send request successfully

2018-12-31 12:04:04 - [TEST_STEP][PASSED] - verifyElementPropertyValue(postresponse, "name", "Tracey"): Verify element property value successfully

2018-12-31 12:04:04 - [MESSAGE][PASSED] - Verify element property value successfully

2018-12-31 12:04:04 - [TEST_STEP][PASSED] - slurper = new groovy.json.JsonSlurper(): null

2018-12-31 12:04:04 - [TEST_STEP][PASSED] - result = slurper.parseText(postresponse.getResponseBodyContent()): null

2018-12-31 12:04:04 - [TEST_STEP][PASSED] - a = id: null

2018-12-31 12:04:04 - [TEST_STEP][PASSED] - println("Random id value is:" + a): null]]></system-out>
         <system-err><![CDATA[]]></system-err>
      </testcase>
      <testcase name="Test Cases/CalculatorTests/Addition" classname="Test Cases/CalculatorTests/Addition" status="PASSED">
         <system-out><![CDATA[2018-12-31 12:04:04 - [TEST_CASE][PASSED] - Test Cases/CalculatorTests/Addition: Test Cases/CalculatorTests/Addition

2018-12-31 12:04:04 - [TEST_STEP][PASSED] - soapresponse = sendRequestAndVerify(findTestObject("CalculatorSoapServices/Addition")): Send request and verify the response successfully

2018-12-31 12:04:06 - [TEST_CASE][PASSED] - Start Test Case : Verification: Verification accomplished successfully

2018-12-31 12:04:06 - [TEST_STEP][PASSED] - request = getInstance().getCurrentRequest(): null

2018-12-31 12:04:06 - [TEST_STEP][PASSED] - response = getInstance().getCurrentResponse(): null

2018-12-31 12:04:06 - [TEST_STEP][PASSED] - getResponseText()).contains("AddResult"): null

2018-12-31 12:04:06 - [MESSAGE][PASSED] - Verify response successfully

2018-12-31 12:04:06 - [MESSAGE][PASSED] - Send request and verify the response successfully

2018-12-31 12:04:06 - [TEST_STEP][PASSED] - verifyResponseStatusCode(soapresponse, 200): Verify response status code successfully

2018-12-31 12:04:06 - [MESSAGE][PASSED] - Verify response status code successfully]]></system-out>
         <system-err><![CDATA[]]></system-err>
      </testcase>
      <testcase name="Test Cases/CountrySOAPService/CountryServices" classname="Test Cases/CountrySOAPService/CountryServices" status="FAILED">
         <failure type="FAILED" message="Test Cases/CountrySOAPService/CountryServices FAILED.
Reason:
com.kms.katalon.core.exception.StepFailedException: Unable to verify element text (Root cause: com.kms.katalon.core.exception.StepFailedException: Expected text is 'INR' but actual element text is: )
	at com.kms.katalon.core.keyword.internal.KeywordMain.stepFailed(KeywordMain.groovy:36)
	at com.kms.katalon.core.keyword.internal.KeywordMain.stepFailed(KeywordMain.groovy)
	at com.kms.katalon.core.keyword.internal.KeywordMain.runKeyword(KeywordMain.groovy:56)
	at com.kms.katalon.core.webservice.keyword.builtin.VerifyElementTextKeyword.verifyElementText(VerifyElementTextKeyword.groovy:45)
	at com.kms.katalon.core.webservice.keyword.builtin.VerifyElementTextKeyword.execute(VerifyElementTextKeyword.groovy:40)
	at com.kms.katalon.core.keyword.internal.KeywordExecutor.executeKeywordForPlatform(KeywordExecutor.groovy:53)
	at com.kms.katalon.core.webservice.keyword.WSBuiltInKeywords.verifyElementText(WSBuiltInKeywords.groovy:154)
	at com.kms.katalon.core.webservice.keyword.WSBuiltInKeywords$verifyElementText$3.call(Unknown Source)
	at CountryServices.run(CountryServices:33)
	at com.kms.katalon.core.main.ScriptEngine.run(ScriptEngine.java:194)
	at com.kms.katalon.core.main.ScriptEngine.runScriptAsRawText(ScriptEngine.java:119)
	at com.kms.katalon.core.main.TestCaseExecutor.runScript(TestCaseExecutor.java:321)
	at com.kms.katalon.core.main.TestCaseExecutor.doExecute(TestCaseExecutor.java:312)
	at com.kms.katalon.core.main.TestCaseExecutor.processExecutionPhase(TestCaseExecutor.java:291)
	at com.kms.katalon.core.main.TestCaseExecutor.accessMainPhase(TestCaseExecutor.java:283)
	at com.kms.katalon.core.main.TestCaseExecutor.execute(TestCaseExecutor.java:222)
	at com.kms.katalon.core.main.TestSuiteExecutor.accessTestCaseMainPhase(TestSuiteExecutor.java:129)
	at com.kms.katalon.core.main.TestSuiteExecutor.accessTestSuiteMainPhase(TestSuiteExecutor.java:112)
	at com.kms.katalon.core.main.TestSuiteExecutor.execute(TestSuiteExecutor.java:81)
	at com.kms.katalon.core.main.TestCaseMain.startTestSuite(TestCaseMain.java:149)
	at com.kms.katalon.core.main.TestCaseMain$startTestSuite$0.call(Unknown Source)
	at TempTestSuite1546279433931.run(TempTestSuite1546279433931.groovy:36)
"/>
         <system-out><![CDATA[2018-12-31 12:04:06 - [TEST_CASE][FAILED] - Test Cases/CountrySOAPService/CountryServices: Test Cases/CountrySOAPService/CountryServices FAILED.
Reason:
com.kms.katalon.core.exception.StepFailedException: Unable to verify element text (Root cause: com.kms.katalon.core.exception.StepFailedException: Expected text is 'INR' but actual element text is: )
	at com.kms.katalon.core.keyword.internal.KeywordMain.stepFailed(KeywordMain.groovy:36)
	at com.kms.katalon.core.keyword.internal.KeywordMain.stepFailed(KeywordMain.groovy)
	at com.kms.katalon.core.keyword.internal.KeywordMain.runKeyword(KeywordMain.groovy:56)
	at com.kms.katalon.core.webservice.keyword.builtin.VerifyElementTextKeyword.verifyElementText(VerifyElementTextKeyword.groovy:45)
	at com.kms.katalon.core.webservice.keyword.builtin.VerifyElementTextKeyword.execute(VerifyElementTextKeyword.groovy:40)
	at com.kms.katalon.core.keyword.internal.KeywordExecutor.executeKeywordForPlatform(KeywordExecutor.groovy:53)
	at com.kms.katalon.core.webservice.keyword.WSBuiltInKeywords.verifyElementText(WSBuiltInKeywords.groovy:154)
	at com.kms.katalon.core.webservice.keyword.WSBuiltInKeywords$verifyElementText$3.call(Unknown Source)
	at CountryServices.run(CountryServices:33)
	at com.kms.katalon.core.main.ScriptEngine.run(ScriptEngine.java:194)
	at com.kms.katalon.core.main.ScriptEngine.runScriptAsRawText(ScriptEngine.java:119)
	at com.kms.katalon.core.main.TestCaseExecutor.runScript(TestCaseExecutor.java:321)
	at com.kms.katalon.core.main.TestCaseExecutor.doExecute(TestCaseExecutor.java:312)
	at com.kms.katalon.core.main.TestCaseExecutor.processExecutionPhase(TestCaseExecutor.java:291)
	at com.kms.katalon.core.main.TestCaseExecutor.accessMainPhase(TestCaseExecutor.java:283)
	at com.kms.katalon.core.main.TestCaseExecutor.execute(TestCaseExecutor.java:222)
	at com.kms.katalon.core.main.TestSuiteExecutor.accessTestCaseMainPhase(TestSuiteExecutor.java:129)
	at com.kms.katalon.core.main.TestSuiteExecutor.accessTestSuiteMainPhase(TestSuiteExecutor.java:112)
	at com.kms.katalon.core.main.TestSuiteExecutor.execute(TestSuiteExecutor.java:81)
	at com.kms.katalon.core.main.TestCaseMain.startTestSuite(TestCaseMain.java:149)
	at com.kms.katalon.core.main.TestCaseMain$startTestSuite$0.call(Unknown Source)
	at TempTestSuite1546279433931.run(TempTestSuite1546279433931.groovy:36)


2018-12-31 12:04:07 - [TEST_STEP][PASSED] - CountryList = sendRequest(findTestObject("CountrySoapServices/CountryListByNames")): Send request successfully

2018-12-31 12:04:08 - [MESSAGE][INFO] - HAR: C:\Users\vikky\Katalon Studio\API Demo Project\Reports\SampleAPITesting\20181231_120353\requests\main\1.har

2018-12-31 12:04:08 - [MESSAGE][PASSED] - Send request successfully

2018-12-31 12:04:08 - [TEST_STEP][PASSED] - verifyElementText(CountryList, "ListOfCountryNamesByNameResponse.ListOfCountryNamesByNameResult.tCountryCodeAndName[98].sISOCode", "IN"): Verify element text successfully

2018-12-31 12:04:09 - [MESSAGE][PASSED] - Verify element text successfully

2018-12-31 12:04:09 - [TEST_STEP][PASSED] - xml1 = responseBodyContent: null

2018-12-31 12:04:09 - [TEST_STEP][PASSED] - datavalue = XmlSlurper().parseText(xml1): null

2018-12-31 12:04:09 - [TEST_STEP][PASSED] - countryCode = sISOCode: null

2018-12-31 12:04:09 - [TEST_STEP][PASSED] - CountryISOCode = countryCode: null

2018-12-31 12:04:09 - [TEST_STEP][PASSED] - out.println("Country ISO code is: " + CountryISOCode): null

2018-12-31 12:04:09 - [TEST_STEP][PASSED] - CountryCurrency = sendRequest(findTestObject("CountrySoapServices/CountryCurrency")): Send request successfully

2018-12-31 12:04:10 - [MESSAGE][INFO] - HAR: C:\Users\vikky\Katalon Studio\API Demo Project\Reports\SampleAPITesting\20181231_120353\requests\main\2.har

2018-12-31 12:04:10 - [MESSAGE][PASSED] - Send request successfully

2018-12-31 12:04:10 - [TEST_STEP][FAILED] - verifyElementText(CountryCurrency, "CountryCurrencyResponse.CountryCurrencyResult.sISOCode", "INR"): verifyElementText(CountryCurrency, "CountryCurrencyResponse.CountryCurrencyResult.sISOCode", "INR") FAILED.
Reason:
com.kms.katalon.core.exception.StepFailedException: Unable to verify element text (Root cause: com.kms.katalon.core.exception.StepFailedException: Expected text is 'INR' but actual element text is: )
	at com.kms.katalon.core.keyword.internal.KeywordMain.stepFailed(KeywordMain.groovy:36)
	at com.kms.katalon.core.keyword.internal.KeywordMain.stepFailed(KeywordMain.groovy)
	at com.kms.katalon.core.keyword.internal.KeywordMain.runKeyword(KeywordMain.groovy:56)
	at com.kms.katalon.core.webservice.keyword.builtin.VerifyElementTextKeyword.verifyElementText(VerifyElementTextKeyword.groovy:45)
	at com.kms.katalon.core.webservice.keyword.builtin.VerifyElementTextKeyword.execute(VerifyElementTextKeyword.groovy:40)
	at com.kms.katalon.core.keyword.internal.KeywordExecutor.executeKeywordForPlatform(KeywordExecutor.groovy:53)
	at com.kms.katalon.core.webservice.keyword.WSBuiltInKeywords.verifyElementText(WSBuiltInKeywords.groovy:154)
	at com.kms.katalon.core.webservice.keyword.WSBuiltInKeywords$verifyElementText$3.call(Unknown Source)
	at CountryServices.run(CountryServices:33)
	at com.kms.katalon.core.main.ScriptEngine.run(ScriptEngine.java:194)
	at com.kms.katalon.core.main.ScriptEngine.runScriptAsRawText(ScriptEngine.java:119)
	at com.kms.katalon.core.main.TestCaseExecutor.runScript(TestCaseExecutor.java:321)
	at com.kms.katalon.core.main.TestCaseExecutor.doExecute(TestCaseExecutor.java:312)
	at com.kms.katalon.core.main.TestCaseExecutor.processExecutionPhase(TestCaseExecutor.java:291)
	at com.kms.katalon.core.main.TestCaseExecutor.accessMainPhase(TestCaseExecutor.java:283)
	at com.kms.katalon.core.main.TestCaseExecutor.execute(TestCaseExecutor.java:222)
	at com.kms.katalon.core.main.TestSuiteExecutor.accessTestCaseMainPhase(TestSuiteExecutor.java:129)
	at com.kms.katalon.core.main.TestSuiteExecutor.accessTestSuiteMainPhase(TestSuiteExecutor.java:112)
	at com.kms.katalon.core.main.TestSuiteExecutor.execute(TestSuiteExecutor.java:81)
	at com.kms.katalon.core.main.TestCaseMain.startTestSuite(TestCaseMain.java:149)
	at com.kms.katalon.core.main.TestCaseMain$startTestSuite$0.call(Unknown Source)
	at TempTestSuite1546279433931.run(TempTestSuite1546279433931.groovy:36)


2018-12-31 12:04:10 - [MESSAGE][FAILED] - Expected text is 'INR' but actual element text is: 

2018-12-31 12:04:10 - [MESSAGE][FAILED] - Unable to verify element text (Root cause: com.kms.katalon.core.exception.StepFailedException: Expected text is 'INR' but actual element text is: )

2018-12-31 12:04:10 - [MESSAGE][FAILED] - verifyElementText(CountryCurrency, "CountryCurrencyResponse.CountryCurrencyResult.sISOCode", "INR") FAILED.
Reason:
com.kms.katalon.core.exception.StepFailedException: Unable to verify element text (Root cause: com.kms.katalon.core.exception.StepFailedException: Expected text is 'INR' but actual element text is: )
	at com.kms.katalon.core.keyword.internal.KeywordMain.stepFailed(KeywordMain.groovy:36)
	at com.kms.katalon.core.keyword.internal.KeywordMain.stepFailed(KeywordMain.groovy)
	at com.kms.katalon.core.keyword.internal.KeywordMain.runKeyword(KeywordMain.groovy:56)
	at com.kms.katalon.core.webservice.keyword.builtin.VerifyElementTextKeyword.verifyElementText(VerifyElementTextKeyword.groovy:45)
	at com.kms.katalon.core.webservice.keyword.builtin.VerifyElementTextKeyword.execute(VerifyElementTextKeyword.groovy:40)
	at com.kms.katalon.core.keyword.internal.KeywordExecutor.executeKeywordForPlatform(KeywordExecutor.groovy:53)
	at com.kms.katalon.core.webservice.keyword.WSBuiltInKeywords.verifyElementText(WSBuiltInKeywords.groovy:154)
	at com.kms.katalon.core.webservice.keyword.WSBuiltInKeywords$verifyElementText$3.call(Unknown Source)
	at CountryServices.run(CountryServices:33)
	at com.kms.katalon.core.main.ScriptEngine.run(ScriptEngine.java:194)
	at com.kms.katalon.core.main.ScriptEngine.runScriptAsRawText(ScriptEngine.java:119)
	at com.kms.katalon.core.main.TestCaseExecutor.runScript(TestCaseExecutor.java:321)
	at com.kms.katalon.core.main.TestCaseExecutor.doExecute(TestCaseExecutor.java:312)
	at com.kms.katalon.core.main.TestCaseExecutor.processExecutionPhase(TestCaseExecutor.java:291)
	at com.kms.katalon.core.main.TestCaseExecutor.accessMainPhase(TestCaseExecutor.java:283)
	at com.kms.katalon.core.main.TestCaseExecutor.execute(TestCaseExecutor.java:222)
	at com.kms.katalon.core.main.TestSuiteExecutor.accessTestCaseMainPhase(TestSuiteExecutor.java:129)
	at com.kms.katalon.core.main.TestSuiteExecutor.accessTestSuiteMainPhase(TestSuiteExecutor.java:112)
	at com.kms.katalon.core.main.TestSuiteExecutor.execute(TestSuiteExecutor.java:81)
	at com.kms.katalon.core.main.TestCaseMain.startTestSuite(TestCaseMain.java:149)
	at com.kms.katalon.core.main.TestCaseMain$startTestSuite$0.call(Unknown Source)
	at TempTestSuite1546279433931.run(TempTestSuite1546279433931.groovy:36)]]></system-out>
         <system-err><![CDATA[2018-12-31 12:04:06 - [TEST_CASE][FAILED] - Test Cases/CountrySOAPService/CountryServices: Test Cases/CountrySOAPService/CountryServices FAILED.
Reason:
com.kms.katalon.core.exception.StepFailedException: Unable to verify element text (Root cause: com.kms.katalon.core.exception.StepFailedException: Expected text is 'INR' but actual element text is: )
	at com.kms.katalon.core.keyword.internal.KeywordMain.stepFailed(KeywordMain.groovy:36)
	at com.kms.katalon.core.keyword.internal.KeywordMain.stepFailed(KeywordMain.groovy)
	at com.kms.katalon.core.keyword.internal.KeywordMain.runKeyword(KeywordMain.groovy:56)
	at com.kms.katalon.core.webservice.keyword.builtin.VerifyElementTextKeyword.verifyElementText(VerifyElementTextKeyword.groovy:45)
	at com.kms.katalon.core.webservice.keyword.builtin.VerifyElementTextKeyword.execute(VerifyElementTextKeyword.groovy:40)
	at com.kms.katalon.core.keyword.internal.KeywordExecutor.executeKeywordForPlatform(KeywordExecutor.groovy:53)
	at com.kms.katalon.core.webservice.keyword.WSBuiltInKeywords.verifyElementText(WSBuiltInKeywords.groovy:154)
	at com.kms.katalon.core.webservice.keyword.WSBuiltInKeywords$verifyElementText$3.call(Unknown Source)
	at CountryServices.run(CountryServices:33)
	at com.kms.katalon.core.main.ScriptEngine.run(ScriptEngine.java:194)
	at com.kms.katalon.core.main.ScriptEngine.runScriptAsRawText(ScriptEngine.java:119)
	at com.kms.katalon.core.main.TestCaseExecutor.runScript(TestCaseExecutor.java:321)
	at com.kms.katalon.core.main.TestCaseExecutor.doExecute(TestCaseExecutor.java:312)
	at com.kms.katalon.core.main.TestCaseExecutor.processExecutionPhase(TestCaseExecutor.java:291)
	at com.kms.katalon.core.main.TestCaseExecutor.accessMainPhase(TestCaseExecutor.java:283)
	at com.kms.katalon.core.main.TestCaseExecutor.execute(TestCaseExecutor.java:222)
	at com.kms.katalon.core.main.TestSuiteExecutor.accessTestCaseMainPhase(TestSuiteExecutor.java:129)
	at com.kms.katalon.core.main.TestSuiteExecutor.accessTestSuiteMainPhase(TestSuiteExecutor.java:112)
	at com.kms.katalon.core.main.TestSuiteExecutor.execute(TestSuiteExecutor.java:81)
	at com.kms.katalon.core.main.TestCaseMain.startTestSuite(TestCaseMain.java:149)
	at com.kms.katalon.core.main.TestCaseMain$startTestSuite$0.call(Unknown Source)
	at TempTestSuite1546279433931.run(TempTestSuite1546279433931.groovy:36)]]></system-err>
      </testcase>
      <system-out><![CDATA[2018-12-31 12:03:56 - [TEST_SUITE][FAILED] - SampleAPITesting: Test Cases/CountrySOAPService/CountryServices FAILED.
Reason:
com.kms.katalon.core.exception.StepFailedException: Unable to verify element text (Root cause: com.kms.katalon.core.exception.StepFailedException: Expected text is 'INR' but actual element text is: )
	at com.kms.katalon.core.keyword.internal.KeywordMain.stepFailed(KeywordMain.groovy:36)
	at com.kms.katalon.core.keyword.internal.KeywordMain.stepFailed(KeywordMain.groovy)
	at com.kms.katalon.core.keyword.internal.KeywordMain.runKeyword(KeywordMain.groovy:56)
	at com.kms.katalon.core.webservice.keyword.builtin.VerifyElementTextKeyword.verifyElementText(VerifyElementTextKeyword.groovy:45)
	at com.kms.katalon.core.webservice.keyword.builtin.VerifyElementTextKeyword.execute(VerifyElementTextKeyword.groovy:40)
	at com.kms.katalon.core.keyword.internal.KeywordExecutor.executeKeywordForPlatform(KeywordExecutor.groovy:53)
	at com.kms.katalon.core.webservice.keyword.WSBuiltInKeywords.verifyElementText(WSBuiltInKeywords.groovy:154)
	at com.kms.katalon.core.webservice.keyword.WSBuiltInKeywords$verifyElementText$3.call(Unknown Source)
	at CountryServices.run(CountryServices:33)
	at com.kms.katalon.core.main.ScriptEngine.run(ScriptEngine.java:194)
	at com.kms.katalon.core.main.ScriptEngine.runScriptAsRawText(ScriptEngine.java:119)
	at com.kms.katalon.core.main.TestCaseExecutor.runScript(TestCaseExecutor.java:321)
	at com.kms.katalon.core.main.TestCaseExecutor.doExecute(TestCaseExecutor.java:312)
	at com.kms.katalon.core.main.TestCaseExecutor.processExecutionPhase(TestCaseExecutor.java:291)
	at com.kms.katalon.core.main.TestCaseExecutor.accessMainPhase(TestCaseExecutor.java:283)
	at com.kms.katalon.core.main.TestCaseExecutor.execute(TestCaseExecutor.java:222)
	at com.kms.katalon.core.main.TestSuiteExecutor.accessTestCaseMainPhase(TestSuiteExecutor.java:129)
	at com.kms.katalon.core.main.TestSuiteExecutor.accessTestSuiteMainPhase(TestSuiteExecutor.java:112)
	at com.kms.katalon.core.main.TestSuiteExecutor.execute(TestSuiteExecutor.java:81)
	at com.kms.katalon.core.main.TestCaseMain.startTestSuite(TestCaseMain.java:149)
	at com.kms.katalon.core.main.TestCaseMain$startTestSuite$0.call(Unknown Source)
	at TempTestSuite1546279433931.run(TempTestSuite1546279433931.groovy:36)]]></system-out>
      <system-err><![CDATA[2018-12-31 12:03:56 - [TEST_SUITE][FAILED] - SampleAPITesting: Test Cases/CountrySOAPService/CountryServices FAILED.
Reason:
com.kms.katalon.core.exception.StepFailedException: Unable to verify element text (Root cause: com.kms.katalon.core.exception.StepFailedException: Expected text is 'INR' but actual element text is: )
	at com.kms.katalon.core.keyword.internal.KeywordMain.stepFailed(KeywordMain.groovy:36)
	at com.kms.katalon.core.keyword.internal.KeywordMain.stepFailed(KeywordMain.groovy)
	at com.kms.katalon.core.keyword.internal.KeywordMain.runKeyword(KeywordMain.groovy:56)
	at com.kms.katalon.core.webservice.keyword.builtin.VerifyElementTextKeyword.verifyElementText(VerifyElementTextKeyword.groovy:45)
	at com.kms.katalon.core.webservice.keyword.builtin.VerifyElementTextKeyword.execute(VerifyElementTextKeyword.groovy:40)
	at com.kms.katalon.core.keyword.internal.KeywordExecutor.executeKeywordForPlatform(KeywordExecutor.groovy:53)
	at com.kms.katalon.core.webservice.keyword.WSBuiltInKeywords.verifyElementText(WSBuiltInKeywords.groovy:154)
	at com.kms.katalon.core.webservice.keyword.WSBuiltInKeywords$verifyElementText$3.call(Unknown Source)
	at CountryServices.run(CountryServices:33)
	at com.kms.katalon.core.main.ScriptEngine.run(ScriptEngine.java:194)
	at com.kms.katalon.core.main.ScriptEngine.runScriptAsRawText(ScriptEngine.java:119)
	at com.kms.katalon.core.main.TestCaseExecutor.runScript(TestCaseExecutor.java:321)
	at com.kms.katalon.core.main.TestCaseExecutor.doExecute(TestCaseExecutor.java:312)
	at com.kms.katalon.core.main.TestCaseExecutor.processExecutionPhase(TestCaseExecutor.java:291)
	at com.kms.katalon.core.main.TestCaseExecutor.accessMainPhase(TestCaseExecutor.java:283)
	at com.kms.katalon.core.main.TestCaseExecutor.execute(TestCaseExecutor.java:222)
	at com.kms.katalon.core.main.TestSuiteExecutor.accessTestCaseMainPhase(TestSuiteExecutor.java:129)
	at com.kms.katalon.core.main.TestSuiteExecutor.accessTestSuiteMainPhase(TestSuiteExecutor.java:112)
	at com.kms.katalon.core.main.TestSuiteExecutor.execute(TestSuiteExecutor.java:81)
	at com.kms.katalon.core.main.TestCaseMain.startTestSuite(TestCaseMain.java:149)
	at com.kms.katalon.core.main.TestCaseMain$startTestSuite$0.call(Unknown Source)
	at TempTestSuite1546279433931.run(TempTestSuite1546279433931.groovy:36)]]></system-err>
   </testsuite>
</testsuites>
